<?xml version="1.0" encoding="UTF-8"?>
<testsuite xmlns:xsi="http://www.w3.org/2001/XMLSchema-instance" xsi:noNamespaceSchemaLocation="https://maven.apache.org/surefire/maven-surefire-plugin/xsd/surefire-test-report-3.0.xsd" version="3.0" name="com.practice.junit5.DemoApplicationTests" time="2.72" tests="1" errors="0" skipped="0" failures="0">
  <properties>
[...]
</properties>
  <testcase name="contextLoads" classname="com.practice.junit5.DemoApplicationTests" time="0.782">
    <system-out><![CDATA[05:22:00.500 [main] INFO org.springframework.test.context.support.AnnotationConfigContextLoaderUtils -- Could not detect default configuration classes for test class [com.practice.junit5.DemoApplicationTests]: DemoApplicationTests does not declare any static, non-private, non-final, nested classes annotated with @Configuration.
05:22:00.583 [main] INFO org.springframework.boot.test.context.SpringBootTestContextBootstrapper -- Found @SpringBootConfiguration com.practice.junit5.DemoApplication for test class com.practice.junit5.DemoApplicationTests

  .   ____          _            __ _ _
 /\\ / ___'_ __ _ _(_)_ __  __ _ \ \ \ \
( ( )\___ | '_ | '_| | '_ \/ _` | \ \ \ \
 \\/  ___)| |_)| | | | | || (_| |  ) ) ) )
  '  |____| .__|_| |_|_| |_\__, | / / / /
 =========|_|==============|___/=/_/_/_/
 :: Spring Boot ::                (v3.2.1)

2023-12-31T05:22:01.024+09:00  INFO 13736 --- [           main] c.practice.junit5.DemoApplicationTests   : Starting DemoApplicationTests using Java 17.0.2 with PID 13736 (started by local_vivo in C:\SourceTree\BoSeongGim\practice_coding\TDD\test_framework\jUnit(Java)\jUnit5\demo)
2023-12-31T05:22:01.025+09:00  INFO 13736 --- [           main] c.practice.junit5.DemoApplicationTests   : No active profile set, falling back to 1 default profile: "default"
2023-12-31T05:22:02.282+09:00  INFO 13736 --- [           main] c.practice.junit5.DemoApplicationTests   : Started DemoApplicationTests in 1.511 seconds (process running for 2.317)
]]></system-out>
  </testcase>
</testsuite>